/home/ff/ee241/tools/icc/auxx/gui/icc/icc_setup.tcl
/home/ff/ee241/tools/icc/auxx/gui/syn/snpsSynProcs.tcl
/home/ff/ee241/tools/icc/auxx/tcllib/lib/tcl8.5/tm.tcl
/home/ff/ee241/tools/icc/auxx/tcllib/lib/tcl8.5/package.tcl
/home/ff/ee241/tools/icc/auxx/gui/syn/layout/pkgIndex.tcl
/home/ff/ee241/tools/icc/auxx/gui/common/libviewer/pkgIndex.tcl
/home/ff/ee241/tools/icc/auxx/gui/common/palettegroup/pkgIndex.tcl
/home/ff/ee241/tools/icc/auxx/gui/common/table/pkgIndex.tcl
/home/ff/ee241/tools/icc/auxx/gui/common/opdlg/pkgIndex.tcl
/home/ff/ee241/tools/icc/auxx/gui/common/menus/pkgIndex.tcl
/home/ff/ee241/tools/icc/auxx/gui/common/tq/pkgIndex.tcl
/home/ff/ee241/tools/icc/auxx/gui/common/hierarchy/pkgIndex.tcl
/home/ff/ee241/tools/icc/auxx/gui/common/layout/pkgIndex.tcl
/home/ff/ee241/tools/icc/auxx/gui/common/qtcl/pkgIndex.tcl
/home/ff/ee241/tools/icc/auxx/gui/common/mrupalette/pkgIndex.tcl
/home/ff/ee241/tools/icc/auxx/gui/common/schematic/pkgIndex.tcl
/home/ff/ee241/tools/icc/auxx/gui/common/timing/pkgIndex.tcl
/home/ff/ee241/tools/icc/auxx/gui/common/strokes/pkgIndex.tcl
/home/ff/ee241/tools/icc/auxx/gui/common/profiler/pkgIndex.tcl
/home/ff/ee241/tools/icc/auxx/gui/common/misc/pkgIndex.tcl
/home/ff/ee241/tools/icc/auxx/gui/common/docBrowser/pkgIndex.tcl
/home/ff/ee241/tools/icc/auxx/gui/common/commandform/pkgIndex.tcl
/home/ff/ee241/tools/icc/auxx/gui/common/WindowFrameWork/pkgIndex.tcl
/home/ff/ee241/tools/icc/auxx/gui/common/select/pkgIndex.tcl
/home/ff/ee241/tools/icc/auxx/gui/common/acg/pkgIndex.tcl
/home/ff/ee241/tools/icc/auxx/gui/common/dialogs/pkgIndex.tcl
/home/ff/ee241/tools/icc/auxx/gui/common/tiledview/pkgIndex.tcl
/home/ff/ee241/tools/icc/auxx/gui/common/histogram/pkgIndex.tcl
/home/ff/ee241/tools/icc/auxx/gui/common/tcl-dp/pkgIndex.tcl
/home/ff/ee241/tools/icc/auxx/gui/common/regressionToolkit/pkgIndex.tcl
/home/ff/ee241/tools/icc/auxx/gui/common/fanoutviewer/pkgIndex.tcl
/home/ff/ee241/tools/icc/auxx/gui/common/pathinspector/pkgIndex.tcl
/home/ff/ee241/tools/icc/auxx/gui/common/view/pkgIndex.tcl
/home/ff/ee241/tools/icc/auxx/gui/common/setup/pkgIndex.tcl
/home/ff/ee241/tools/icc/auxx/gui/common/highlight/pkgIndex.tcl
/home/ff/ee241/tools/icc/auxx/gui/dv/pkgIndex.tcl
/home/ff/ee241/tools/icc/auxx/tcllib/snps_tcl/snpsUtils/pkgIndex.tcl
/home/ff/ee241/tools/icc/auxx/tcllib/snps_tcl/snpsTest/pkgIndex.tcl
/home/ff/ee241/tools/icc/auxx/tcllib/snps_tcl/snpsTclPro/pkgIndex.tcl
/home/ff/ee241/tools/icc/auxx/tcllib/snps_tcl/pkgIndex.tcl
/home/ff/ee241/tools/icc/auxx/tcllib/lib/tcl8.5/reg/pkgIndex.tcl
/home/ff/ee241/tools/icc/auxx/tcllib/lib/tcl8.5/dde/pkgIndex.tcl
/home/ff/ee241/tools/icc/auxx/tcllib/lib/tcl8.5/opt/pkgIndex.tcl
/home/ff/ee241/tools/icc/auxx/tcllib/lib/tcl8.5/msgcat/pkgIndex.tcl
/home/ff/ee241/tools/icc/auxx/tcllib/lib/tcl8.5/platform/pkgIndex.tcl
/home/ff/ee241/tools/icc/auxx/tcllib/lib/tcl8.5/http1.0/pkgIndex.tcl
/home/ff/ee241/tools/icc/auxx/tcllib/lib/tcl8.5/tcltest/pkgIndex.tcl
/home/ff/ee241/tools/icc/auxx/tcllib/lib/tcl8.5/http/pkgIndex.tcl
/home/ff/ee241/tools/icc/auxx/gui/common/setup/snpsCommonSetup.tcl
/home/ff/ee241/tools/icc/auxx/gui/common/setup/snpsCustomize.tcl
/home/ff/ee241/tools/icc/auxx/gui/common/setup/snpsProcheck.tcl
/home/ff/ee241/tools/icc/auxx/gui/common/qtcl/.synopsys_qtcl.tcl
/home/ff/ee241/tools/icc/auxx/gui/common/highlight/highlight.tcl
/home/ff/ee241/tools/icc/auxx/gui/common/misc/base.tcl
/home/ff/ee241/tools/icc/auxx/gui/common/misc/timing.tcl
/home/ff/ee241/tools/icc/auxx/gui/common/misc/setting.tcl
/home/ff/ee241/tools/icc/auxx/gui/common/misc/preset.tcl
/home/ff/ee241/tools/icc/auxx/gui/common/WindowFrameWork/windowFrameWork.tcl
/home/ff/ee241/tools/icc/auxx/gui/common/WindowFrameWork/skipBusyCursorCmdList.tcl
/home/ff/ee241/tools/icc/auxx/gui/common/docBrowser/docBrowser.tcl
/home/ff/ee241/tools/icc/auxx/tcllib/snps_tcl/snpsUtils/snpsUtils.tcl
/home/ff/ee241/tools/icc/auxx/gui/common/dialogs/ObjectChooser.tcl
/home/ff/ee241/tools/icc/auxx/gui/common/misc/DialogObjectChooser.tcl
/home/ff/ee241/tools/icc/auxx/gui/common/dialogs/HistBinInformation.tcl
/home/ff/ee241/tools/icc/auxx/gui/common/dialogs/HistBin1Information.tcl
/home/ff/ee241/tools/icc/auxx/gui/common/dialogs/BinsOnlyInformation.tcl
/home/ff/ee241/tools/icc/auxx/gui/common/dialogs/FileChooser.tcl
/home/ff/ee241/tools/icc/auxx/gui/common/dialogs/PathPinSimpleInfo.tcl
/home/ff/ee241/tools/icc/auxx/gui/common/dialogs/PathsBasicInfo.tcl
/home/ff/ee241/tools/icc/auxx/gui/common/dialogs/PathsBasicSimpleInfo.tcl
/home/ff/ee241/tools/icc/auxx/gui/common/dialogs/SlctOperationInfo.tcl
/home/ff/ee241/tools/icc/auxx/gui/common/dialogs/ObjectListInfo.tcl
/home/ff/ee241/tools/icc/auxx/gui/common/dialogs/FanInOutInfo.tcl
/home/ff/ee241/tools/icc/auxx/gui/common/dialogs/NumberOfLevelsChooser.tcl
/home/ff/ee241/tools/icc/auxx/gui/common/dialogs/WindowReuseInfo.tcl
/home/ff/ee241/tools/icc/auxx/gui/common/dialogs/ReportOutputOptionInfo.tcl
/home/ff/ee241/tools/icc/auxx/gui/common/setup/snpsCollections.tcl
/home/ff/ee241/tools/icc/auxx/gui/common/dialogs/CompileLinkDesign.tcl
/home/ff/ee241/tools/icc/auxx/gui/common/histogram/DialogEndpointSlack.tcl
/home/ff/ee241/tools/icc/auxx/gui/common/histogram/DialogPathsSlack.tcl
/home/ff/ee241/tools/icc/auxx/gui/common/histogram/DialogNetCapacitance.tcl
/home/ff/ee241/tools/icc/auxx/gui/common/schematic/DialogPathSchematicFanInOut.tcl
/home/ff/ee241/tools/icc/auxx/gui/common/schematic/DialogPathSchematicAddPaths.tcl
/home/ff/ee241/tools/icc/auxx/gui/common/layout/preferences.tcl
/home/cc/cs199/fa13/class/cs199-akd/241b/Project/git/ecc/srambuilder/build-rvt/icc-par/build-icc-2015-04-21_21-48/route_icc.tcl
/home/cc/cs199/fa13/class/cs199-akd/241b/Project/git/ecc/srambuilder/build-rvt/icc-par/build-icc-2015-04-21_21-48/icc_setup.tcl
/home/cc/cs199/fa13/class/cs199-akd/241b/Project/git/ecc/srambuilder/build-rvt/icc-par/build-icc-2015-04-21_21-48/make_generated_vars.tcl
/home/cc/cs199/fa13/class/cs199-akd/241b/Project/git/ecc/srambuilder/build-rvt/icc-par/build-icc-2015-04-21_21-48/common_setup.tcl
/home/cc/cs199/fa13/class/cs199-akd/241b/Project/git/ecc/srambuilder/build-rvt/icc-par/build-icc-2015-04-21_21-48/check_icc_rm_values.tcl
/home/cc/cs199/fa13/class/cs199-akd/241b/Project/git/ecc/srambuilder/build-rvt/icc-par/build-icc-2015-04-21_21-48/enc_top_LIB
/home/ff/ee241/stdcells/synopsys-32nm/vendor/lib/stdcell_rvt/milkyway/saed32nm_rvt_1p9m
/home/ff/ee241/tools/icc/libraries/syn/gtech.db
/home/ff/ee241/tools/icc/libraries/syn/standard.sldb
/home/cc/cs199/fa13/class/cs199-akd/241b/Project/git/ecc/srambuilder/build-rvt/icc-par/build-icc-2015-04-21_21-48/common_optimization_settings_icc.tcl
/home/ff/ee241/tools/icc/libraries/syn/gtech.db
/home/cc/cs199/fa13/class/cs199-akd/241b/Project/git/ecc/srambuilder/build-rvt/icc-par/build-icc-2015-04-21_21-48/common_placement_settings_icc.tcl
/home/cc/cs199/fa13/class/cs199-akd/241b/Project/git/ecc/srambuilder/build-rvt/icc-par/build-icc-2015-04-21_21-48/common_post_cts_timing_settings.tcl
/home/cc/cs199/fa13/class/cs199-akd/241b/Project/git/ecc/srambuilder/build-rvt/icc-par/build-icc-2015-04-21_21-48/common_route_si_settings_zrt_icc.tcl
/home/ff/ee241/tools/icc/auxx/syn/psyn/route_opt.tcl.e
